0 info it worked if it ends with ok
1 verbose cli [ '/usr/local/bin/node',
1 verbose cli   '/usr/local/bin/npm',
1 verbose cli   'install',
1 verbose cli   '.bowerrc' ]
2 info using npm@2.14.12
3 info using node@v4.3.1
4 verbose install initial load of /Users/davidjohnston/Documents/Source/twitter_clone/package.json
5 warn package.json mytweets@0.0.1 No repository field.
6 verbose installManyTop reading scoped package data from /Users/davidjohnston/Documents/Source/twitter_clone/node_modules/chai/package.json
7 verbose installManyTop reading scoped package data from /Users/davidjohnston/Documents/Source/twitter_clone/node_modules/mocha/package.json
8 verbose installManyTop reading scoped package data from /Users/davidjohnston/Documents/Source/twitter_clone/node_modules/request/package.json
9 info package.json mocha@1.21.5 No license field.
10 verbose readDependencies loading dependencies from /Users/davidjohnston/Documents/Source/twitter_clone/package.json
11 silly cache add args [ '.bowerrc', null ]
12 verbose cache add spec .bowerrc
13 silly cache add parsed spec Result {
13 silly cache add   raw: '.bowerrc',
13 silly cache add   scope: null,
13 silly cache add   name: null,
13 silly cache add   rawSpec: '.bowerrc',
13 silly cache add   spec: '/Users/davidjohnston/Documents/Source/twitter_clone/.bowerrc',
13 silly cache add   type: 'local' }
14 error addLocal Could not install /Users/davidjohnston/Documents/Source/twitter_clone/.bowerrc
15 verbose stack Error: ENOENT: no such file or directory, open '/Users/davidjohnston/Documents/Source/twitter_clone/.bowerrc'
15 verbose stack     at Error (native)
16 verbose cwd /Users/davidjohnston/Documents/Source/twitter_clone
17 error Darwin 14.1.0
18 error argv "/usr/local/bin/node" "/usr/local/bin/npm" "install" ".bowerrc"
19 error node v4.3.1
20 error npm  v2.14.12
21 error path /Users/davidjohnston/Documents/Source/twitter_clone/.bowerrc
22 error code ENOENT
23 error errno -2
24 error syscall open
25 error enoent ENOENT: no such file or directory, open '/Users/davidjohnston/Documents/Source/twitter_clone/.bowerrc'
25 error enoent This is most likely not a problem with npm itself
25 error enoent and is related to npm not being able to find a file.
26 verbose exit [ -2, true ]
